{"level":"info","message":"Executando os jobs de manutenção do Banco de Dados","timestamp":"2025-02-09T20:30:00.922Z"}
{"level":"info","message":"Jobs de manutenção do Banco de Dados executados com sucesso","timestamp":"2025-02-09T20:30:00.998Z"}
{"level":"info","message":"Conexão com o banco de dados estabelecida com sucesso.","timestamp":"2025-02-09T20:30:41.301Z"}
{"level":"info","message":"Executando os jobs de manutenção do Banco de Dados","timestamp":"2025-02-09T20:35:00.728Z"}
{"level":"info","message":"Jobs de manutenção do Banco de Dados executados com sucesso","timestamp":"2025-02-09T20:35:00.840Z"}
{"level":"info","message":"Executando os jobs de manutenção do Banco de Dados","timestamp":"2025-02-09T20:40:00.642Z"}
{"level":"info","message":"Jobs de manutenção do Banco de Dados executados com sucesso","timestamp":"2025-02-09T20:40:00.702Z"}
{"level":"info","message":"Conexão com o banco de dados estabelecida com sucesso.","timestamp":"2025-02-09T20:44:28.279Z"}
{"level":"info","message":"Executando os jobs de manutenção do Banco de Dados","timestamp":"2025-02-09T20:45:00.456Z"}
{"level":"info","message":"Jobs de manutenção do Banco de Dados executados com sucesso","timestamp":"2025-02-09T20:45:00.534Z"}
{"level":"info","message":"Executando os jobs de manutenção do Banco de Dados","timestamp":"2025-05-04T03:20:00.852Z"}
{"level":"info","message":"Jobs de manutenção do Banco de Dados executados com sucesso","timestamp":"2025-05-04T03:20:01.054Z"}
{"level":"info","message":"Executando os jobs de manutenção do Banco de Dados","timestamp":"2025-06-24T18:20:00.386Z"}
{"level":"info","message":"Jobs de manutenção do Banco de Dados executados com sucesso","timestamp":"2025-06-24T18:20:00.469Z"}
{"level":"info","message":"Password reset token created for user hdv651wqsqom5bgn435","service":"password_reset_services","timestamp":"2025-06-24T18:23:26.637Z"}
{"level":"info","message":"Executando os jobs de manutenção do Banco de Dados","timestamp":"2025-06-24T18:25:00.600Z"}
{"level":"info","message":"Jobs de manutenção do Banco de Dados executados com sucesso","timestamp":"2025-06-24T18:25:00.673Z"}
{"level":"info","message":"User hdv651wqsqom5bgn435 updated","service":"user_services","timestamp":"2025-06-24T18:25:13.134Z"}
{"level":"info","message":"Password reset token fc7367929041d10898d3ba14d01948419b9089926af8ee4f5ba8baffdd42 deleted","service":"password_reset_services","timestamp":"2025-06-24T18:25:13.153Z"}
{"level":"info","message":"Executando os jobs de manutenção do Banco de Dados","timestamp":"2025-06-24T18:35:00.366Z"}
{"level":"info","message":"Jobs de manutenção do Banco de Dados executados com sucesso","timestamp":"2025-06-24T18:35:00.453Z"}
{"level":"info","message":"Executando os jobs de manutenção do Banco de Dados","timestamp":"2025-06-24T18:40:00.824Z"}
{"level":"info","message":"Jobs de manutenção do Banco de Dados executados com sucesso","timestamp":"2025-06-24T18:40:00.888Z"}
{"level":"info","message":"Late entry created for user hdv651wqsqom5bgn435","service":"late_entry_services","timestamp":"2025-06-24T18:41:14.178Z"}
{"level":"info","message":"Executando os jobs de manutenção do Banco de Dados","timestamp":"2025-06-24T18:45:00.189Z"}
{"level":"info","message":"Jobs de manutenção do Banco de Dados executados com sucesso","timestamp":"2025-06-24T18:45:00.274Z"}
{"level":"info","message":"Executando os jobs de manutenção do Banco de Dados","timestamp":"2025-06-24T18:50:00.384Z"}
{"level":"info","message":"Jobs de manutenção do Banco de Dados executados com sucesso","timestamp":"2025-06-24T18:50:00.439Z"}
{"level":"info","message":"Executando os jobs de manutenção do Banco de Dados","timestamp":"2025-06-24T18:55:00.386Z"}
{"level":"info","message":"Jobs de manutenção do Banco de Dados executados com sucesso","timestamp":"2025-06-24T18:55:00.430Z"}
{"level":"info","message":"Executando os jobs de manutenção do Banco de Dados","timestamp":"2025-06-24T19:00:00.425Z"}
{"level":"info","message":"Jobs de manutenção do Banco de Dados executados com sucesso","timestamp":"2025-06-24T19:00:00.473Z"}
{"level":"info","message":"Executando os jobs de manutenção do Banco de Dados","timestamp":"2025-06-24T19:05:00.331Z"}
{"level":"info","message":"Jobs de manutenção do Banco de Dados executados com sucesso","timestamp":"2025-06-24T19:05:00.387Z"}
{"level":"info","message":"Executando os jobs de manutenção do Banco de Dados","timestamp":"2025-06-24T19:10:00.362Z"}
{"level":"info","message":"Jobs de manutenção do Banco de Dados executados com sucesso","timestamp":"2025-06-24T19:10:00.401Z"}
{"level":"info","message":"Executando os jobs de manutenção do Banco de Dados","timestamp":"2025-06-24T19:15:00.640Z"}
{"level":"info","message":"Jobs de manutenção do Banco de Dados executados com sucesso","timestamp":"2025-06-24T19:15:00.694Z"}
{"level":"info","message":"Executando os jobs de manutenção do Banco de Dados","timestamp":"2025-06-24T22:00:00.166Z"}
{"level":"info","message":"Jobs de manutenção do Banco de Dados executados com sucesso","timestamp":"2025-06-24T22:00:00.535Z"}
{"level":"info","message":"Late entry created for user hdv651wqsqom5bgn435","service":"late_entry_services","timestamp":"2025-06-24T22:03:30.715Z"}
{"level":"info","message":"Late entry created for user hdv651wqsqom5bgn435","service":"late_entry_services","timestamp":"2025-06-24T22:04:39.118Z"}
{"level":"info","message":"Executando os jobs de manutenção do Banco de Dados","timestamp":"2025-06-24T22:05:00.031Z"}
{"level":"info","message":"Jobs de manutenção do Banco de Dados executados com sucesso","timestamp":"2025-06-24T22:05:00.087Z"}
{"level":"info","message":"Executando os jobs de manutenção do Banco de Dados","timestamp":"2025-06-24T22:10:00.185Z"}
{"level":"info","message":"Jobs de manutenção do Banco de Dados executados com sucesso","timestamp":"2025-06-24T22:10:00.379Z"}
{"level":"info","message":"Executando os jobs de manutenção do Banco de Dados","timestamp":"2025-06-24T22:15:00.658Z"}
{"level":"info","message":"Jobs de manutenção do Banco de Dados executados com sucesso","timestamp":"2025-06-24T22:15:00.730Z"}
{"level":"info","message":"Executando os jobs de manutenção do Banco de Dados","timestamp":"2025-06-24T22:20:00.466Z"}
{"level":"info","message":"Jobs de manutenção do Banco de Dados executados com sucesso","timestamp":"2025-06-24T22:20:00.781Z"}
{"level":"info","message":"Executando os jobs de manutenção do Banco de Dados","timestamp":"2025-06-24T22:25:00.901Z"}
{"level":"info","message":"Jobs de manutenção do Banco de Dados executados com sucesso","timestamp":"2025-06-24T22:25:01.224Z"}
{"level":"info","message":"Executando os jobs de manutenção do Banco de Dados","timestamp":"2025-06-24T22:30:00.372Z"}
{"level":"info","message":"Jobs de manutenção do Banco de Dados executados com sucesso","timestamp":"2025-06-24T22:30:00.448Z"}
{"level":"info","message":"Executando os jobs de manutenção do Banco de Dados","timestamp":"2025-06-24T22:35:00.872Z"}
{"level":"info","message":"Jobs de manutenção do Banco de Dados executados com sucesso","timestamp":"2025-06-24T22:35:00.918Z"}
{"level":"info","message":"Executando os jobs de manutenção do Banco de Dados","timestamp":"2025-06-24T22:40:00.639Z"}
{"level":"info","message":"Jobs de manutenção do Banco de Dados executados com sucesso","timestamp":"2025-06-24T22:40:00.690Z"}
{"level":"info","message":"Executando os jobs de manutenção do Banco de Dados","timestamp":"2025-06-24T22:45:00.115Z"}
{"level":"info","message":"Jobs de manutenção do Banco de Dados executados com sucesso","timestamp":"2025-06-24T22:45:00.151Z"}
{"level":"info","message":"Executando os jobs de manutenção do Banco de Dados","timestamp":"2025-06-24T22:50:00.713Z"}
{"level":"info","message":"Jobs de manutenção do Banco de Dados executados com sucesso","timestamp":"2025-06-24T22:50:00.763Z"}
{"level":"info","message":"Executando os jobs de manutenção do Banco de Dados","timestamp":"2025-06-24T22:55:00.515Z"}
{"level":"info","message":"Jobs de manutenção do Banco de Dados executados com sucesso","timestamp":"2025-06-24T22:55:00.575Z"}
{"level":"info","message":"Executando os jobs de manutenção do Banco de Dados","timestamp":"2025-06-25T00:10:00.886Z"}
{"level":"info","message":"Jobs de manutenção do Banco de Dados executados com sucesso","timestamp":"2025-06-25T00:10:01.138Z"}
{"level":"info","message":"Executando os jobs de manutenção do Banco de Dados","timestamp":"2025-06-25T00:15:00.539Z"}
{"level":"info","message":"Jobs de manutenção do Banco de Dados executados com sucesso","timestamp":"2025-06-25T00:15:00.626Z"}
{"level":"info","message":"Executando os jobs de manutenção do Banco de Dados","timestamp":"2025-06-25T00:20:00.856Z"}
{"level":"info","message":"Jobs de manutenção do Banco de Dados executados com sucesso","timestamp":"2025-06-25T00:20:00.908Z"}
{"level":"info","message":"Executando os jobs de manutenção do Banco de Dados","timestamp":"2025-06-25T00:25:00.285Z"}
{"level":"info","message":"Jobs de manutenção do Banco de Dados executados com sucesso","timestamp":"2025-06-25T00:25:00.391Z"}
{"level":"info","message":"Executando os jobs de manutenção do Banco de Dados","timestamp":"2025-06-25T00:30:00.727Z"}
{"level":"info","message":"Jobs de manutenção do Banco de Dados executados com sucesso","timestamp":"2025-06-25T00:30:00.782Z"}
{"level":"info","message":"Executando os jobs de manutenção do Banco de Dados","timestamp":"2025-06-25T00:35:00.322Z"}
{"level":"info","message":"Jobs de manutenção do Banco de Dados executados com sucesso","timestamp":"2025-06-25T00:35:00.375Z"}
{"level":"info","message":"Executando os jobs de manutenção do Banco de Dados","timestamp":"2025-06-25T00:40:00.004Z"}
{"level":"info","message":"Jobs de manutenção do Banco de Dados executados com sucesso","timestamp":"2025-06-25T00:40:00.065Z"}
{"level":"info","message":"Executando os jobs de manutenção do Banco de Dados","timestamp":"2025-06-25T00:45:00.762Z"}
{"level":"info","message":"Jobs de manutenção do Banco de Dados executados com sucesso","timestamp":"2025-06-25T00:45:00.848Z"}
{"level":"info","message":"Executando os jobs de manutenção do Banco de Dados","timestamp":"2025-06-25T00:50:00.158Z"}
{"level":"info","message":"Jobs de manutenção do Banco de Dados executados com sucesso","timestamp":"2025-06-25T00:50:00.243Z"}
{"level":"info","message":"Executando os jobs de manutenção do Banco de Dados","timestamp":"2025-06-25T00:55:00.597Z"}
{"level":"info","message":"Jobs de manutenção do Banco de Dados executados com sucesso","timestamp":"2025-06-25T00:55:00.641Z"}
{"level":"info","message":"Executando os jobs de manutenção do Banco de Dados","timestamp":"2025-06-25T01:00:00.072Z"}
{"level":"info","message":"Jobs de manutenção do Banco de Dados executados com sucesso","timestamp":"2025-06-25T01:00:00.145Z"}
{"level":"info","message":"Executando os jobs de manutenção do Banco de Dados","timestamp":"2025-06-25T01:05:00.602Z"}
{"level":"info","message":"Jobs de manutenção do Banco de Dados executados com sucesso","timestamp":"2025-06-25T01:05:00.675Z"}
{"level":"info","message":"Executando os jobs de manutenção do Banco de Dados","timestamp":"2025-06-25T01:10:00.191Z"}
{"level":"info","message":"Jobs de manutenção do Banco de Dados executados com sucesso","timestamp":"2025-06-25T01:10:00.291Z"}
{"level":"info","message":"Executando os jobs de manutenção do Banco de Dados","timestamp":"2025-06-25T01:15:00.728Z"}
{"level":"info","message":"Jobs de manutenção do Banco de Dados executados com sucesso","timestamp":"2025-06-25T01:15:00.775Z"}
{"level":"info","message":"Executando os jobs de manutenção do Banco de Dados","timestamp":"2025-06-25T01:20:00.118Z"}
{"level":"info","message":"Jobs de manutenção do Banco de Dados executados com sucesso","timestamp":"2025-06-25T01:20:00.181Z"}
{"level":"info","message":"Executando os jobs de manutenção do Banco de Dados","timestamp":"2025-06-25T01:25:00.556Z"}
{"level":"info","message":"Jobs de manutenção do Banco de Dados executados com sucesso","timestamp":"2025-06-25T01:25:00.593Z"}
{"level":"info","message":"Executando os jobs de manutenção do Banco de Dados","timestamp":"2025-06-25T01:30:00.157Z"}
{"level":"info","message":"Jobs de manutenção do Banco de Dados executados com sucesso","timestamp":"2025-06-25T01:30:00.205Z"}
{"level":"info","message":"Executando os jobs de manutenção do Banco de Dados","timestamp":"2025-06-25T01:35:00.630Z"}
{"level":"info","message":"Jobs de manutenção do Banco de Dados executados com sucesso","timestamp":"2025-06-25T01:35:00.667Z"}
{"level":"info","message":"Executando os jobs de manutenção do Banco de Dados","timestamp":"2025-06-25T01:40:00.016Z"}
{"level":"info","message":"Jobs de manutenção do Banco de Dados executados com sucesso","timestamp":"2025-06-25T01:40:00.059Z"}
{"level":"info","message":"Executando os jobs de manutenção do Banco de Dados","timestamp":"2025-06-25T01:45:00.323Z"}
{"level":"info","message":"Jobs de manutenção do Banco de Dados executados com sucesso","timestamp":"2025-06-25T01:45:00.370Z"}
{"level":"info","message":"Executando os jobs de manutenção do Banco de Dados","timestamp":"2025-06-25T01:50:00.972Z"}
{"level":"info","message":"Jobs de manutenção do Banco de Dados executados com sucesso","timestamp":"2025-06-25T01:50:01.023Z"}
{"level":"info","message":"Executando os jobs de manutenção do Banco de Dados","timestamp":"2025-06-25T01:55:00.572Z"}
{"level":"info","message":"Jobs de manutenção do Banco de Dados executados com sucesso","timestamp":"2025-06-25T01:55:00.618Z"}
{"level":"info","message":"Executando os jobs de manutenção do Banco de Dados","timestamp":"2025-06-25T02:00:00.034Z"}
{"level":"info","message":"Jobs de manutenção do Banco de Dados executados com sucesso","timestamp":"2025-06-25T02:00:00.092Z"}
{"level":"info","message":"Executando os jobs de manutenção do Banco de Dados","timestamp":"2025-06-25T02:05:00.488Z"}
{"level":"info","message":"Jobs de manutenção do Banco de Dados executados com sucesso","timestamp":"2025-06-25T02:05:00.543Z"}
{"level":"info","message":"Executando os jobs de manutenção do Banco de Dados","timestamp":"2025-06-25T02:10:00.132Z"}
{"level":"info","message":"Jobs de manutenção do Banco de Dados executados com sucesso","timestamp":"2025-06-25T02:10:00.189Z"}
{"level":"info","message":"Executando os jobs de manutenção do Banco de Dados","timestamp":"2025-06-25T02:15:00.674Z"}
{"level":"info","message":"Jobs de manutenção do Banco de Dados executados com sucesso","timestamp":"2025-06-25T02:15:00.726Z"}
{"level":"info","message":"Executando os jobs de manutenção do Banco de Dados","timestamp":"2025-06-25T02:20:00.097Z"}
{"level":"info","message":"Jobs de manutenção do Banco de Dados executados com sucesso","timestamp":"2025-06-25T02:20:00.158Z"}
{"level":"info","message":"Executando os jobs de manutenção do Banco de Dados","timestamp":"2025-06-25T02:25:00.721Z"}
{"level":"info","message":"Jobs de manutenção do Banco de Dados executados com sucesso","timestamp":"2025-06-25T02:25:00.767Z"}
{"level":"info","message":"Executando os jobs de manutenção do Banco de Dados","timestamp":"2025-06-25T02:30:00.346Z"}
{"level":"info","message":"Jobs de manutenção do Banco de Dados executados com sucesso","timestamp":"2025-06-25T02:30:00.406Z"}
{"level":"info","message":"Executando os jobs de manutenção do Banco de Dados","timestamp":"2025-06-25T02:35:00.098Z"}
{"level":"info","message":"Jobs de manutenção do Banco de Dados executados com sucesso","timestamp":"2025-06-25T02:35:00.135Z"}
{"level":"info","message":"Executando os jobs de manutenção do Banco de Dados","timestamp":"2025-07-01T18:45:00.330Z"}
{"level":"info","message":"Jobs de manutenção do Banco de Dados executados com sucesso","timestamp":"2025-07-01T18:45:00.429Z"}
{"level":"info","message":"Executando os jobs de manutenção do Banco de Dados","timestamp":"2025-07-01T18:50:00.237Z"}
{"level":"info","message":"Jobs de manutenção do Banco de Dados executados com sucesso","timestamp":"2025-07-01T18:50:00.331Z"}
{"level":"info","message":"Executando os jobs de manutenção do Banco de Dados","timestamp":"2025-07-01T18:55:00.216Z"}
{"level":"info","message":"Jobs de manutenção do Banco de Dados executados com sucesso","timestamp":"2025-07-01T18:55:00.493Z"}
{"level":"info","message":"Executando os jobs de manutenção do Banco de Dados","timestamp":"2025-07-01T19:00:00.741Z"}
{"level":"info","message":"Jobs de manutenção do Banco de Dados executados com sucesso","timestamp":"2025-07-01T19:00:00.805Z"}
{"level":"info","message":"Executando os jobs de manutenção do Banco de Dados","timestamp":"2025-07-01T19:05:00.069Z"}
{"level":"info","message":"Jobs de manutenção do Banco de Dados executados com sucesso","timestamp":"2025-07-01T19:05:00.144Z"}
{"level":"info","message":"Executando os jobs de manutenção do Banco de Dados","timestamp":"2025-07-01T19:10:00.480Z"}
{"level":"info","message":"Jobs de manutenção do Banco de Dados executados com sucesso","timestamp":"2025-07-01T19:10:00.538Z"}
{"level":"info","message":"Executando os jobs de manutenção do Banco de Dados","timestamp":"2025-07-01T19:15:00.028Z"}
{"level":"info","message":"Jobs de manutenção do Banco de Dados executados com sucesso","timestamp":"2025-07-01T19:15:00.091Z"}
{"level":"info","message":"Executando os jobs de manutenção do Banco de Dados","timestamp":"2025-07-01T19:20:00.457Z"}
{"level":"info","message":"Jobs de manutenção do Banco de Dados executados com sucesso","timestamp":"2025-07-01T19:20:00.512Z"}
{"level":"info","message":"Executando os jobs de manutenção do Banco de Dados","timestamp":"2025-07-01T19:25:00.969Z"}
{"level":"info","message":"Jobs de manutenção do Banco de Dados executados com sucesso","timestamp":"2025-07-01T19:25:01.036Z"}
{"level":"info","message":"Executando os jobs de manutenção do Banco de Dados","timestamp":"2025-07-01T20:45:00.929Z"}
{"level":"info","message":"Jobs de manutenção do Banco de Dados executados com sucesso","timestamp":"2025-07-01T20:45:01.210Z"}
{"level":"info","message":"Executando os jobs de manutenção do Banco de Dados","timestamp":"2025-07-01T20:50:00.412Z"}
{"level":"info","message":"Jobs de manutenção do Banco de Dados executados com sucesso","timestamp":"2025-07-01T20:50:00.657Z"}
{"level":"info","message":"Executando os jobs de manutenção do Banco de Dados","timestamp":"2025-07-01T20:55:00.840Z"}
{"level":"info","message":"Jobs de manutenção do Banco de Dados executados com sucesso","timestamp":"2025-07-01T20:55:00.904Z"}
{"level":"info","message":"Executando os jobs de manutenção do Banco de Dados","timestamp":"2025-07-01T21:00:00.068Z"}
{"level":"info","message":"Jobs de manutenção do Banco de Dados executados com sucesso","timestamp":"2025-07-01T21:00:00.127Z"}
{"level":"info","message":"Executando os jobs de manutenção do Banco de Dados","timestamp":"2025-07-01T21:05:00.489Z"}
{"level":"info","message":"Jobs de manutenção do Banco de Dados executados com sucesso","timestamp":"2025-07-01T21:05:00.537Z"}
{"level":"info","message":"Executando os jobs de manutenção do Banco de Dados","timestamp":"2025-07-01T21:10:00.797Z"}
{"level":"info","message":"Jobs de manutenção do Banco de Dados executados com sucesso","timestamp":"2025-07-01T21:10:00.860Z"}
{"level":"info","message":"Executando os jobs de manutenção do Banco de Dados","timestamp":"2025-07-01T21:15:00.091Z"}
{"level":"info","message":"Jobs de manutenção do Banco de Dados executados com sucesso","timestamp":"2025-07-01T21:15:00.152Z"}
{"level":"info","message":"Executando os jobs de manutenção do Banco de Dados","timestamp":"2025-07-01T21:20:00.418Z"}
{"level":"info","message":"Jobs de manutenção do Banco de Dados executados com sucesso","timestamp":"2025-07-01T21:20:00.475Z"}
{"level":"info","message":"Executando os jobs de manutenção do Banco de Dados","timestamp":"2025-07-01T21:25:00.777Z"}
{"level":"info","message":"Jobs de manutenção do Banco de Dados executados com sucesso","timestamp":"2025-07-01T21:25:00.837Z"}
{"level":"info","message":"Executando os jobs de manutenção do Banco de Dados","timestamp":"2025-07-01T21:30:00.602Z"}
{"level":"info","message":"Jobs de manutenção do Banco de Dados executados com sucesso","timestamp":"2025-07-01T21:30:00.699Z"}
{"level":"info","message":"Executando os jobs de manutenção do Banco de Dados","timestamp":"2025-07-01T21:35:00.146Z"}
{"level":"info","message":"Jobs de manutenção do Banco de Dados executados com sucesso","timestamp":"2025-07-01T21:35:00.240Z"}
{"level":"info","message":"Executando os jobs de manutenção do Banco de Dados","timestamp":"2025-07-01T21:40:00.406Z"}
{"level":"info","message":"Jobs de manutenção do Banco de Dados executados com sucesso","timestamp":"2025-07-01T21:40:00.473Z"}
{"level":"info","message":"Executando os jobs de manutenção do Banco de Dados","timestamp":"2025-07-01T21:50:00.405Z"}
{"level":"info","message":"Jobs de manutenção do Banco de Dados executados com sucesso","timestamp":"2025-07-01T21:50:00.516Z"}
{"level":"info","message":"Executando os jobs de manutenção do Banco de Dados","timestamp":"2025-07-01T21:55:00.704Z"}
{"level":"info","message":"Jobs de manutenção do Banco de Dados executados com sucesso","timestamp":"2025-07-01T21:55:00.767Z"}
{"level":"info","message":"Executando os jobs de manutenção do Banco de Dados","timestamp":"2025-07-01T22:00:00.354Z"}
{"level":"info","message":"Jobs de manutenção do Banco de Dados executados com sucesso","timestamp":"2025-07-01T22:00:00.429Z"}
{"level":"info","message":"Executando os jobs de manutenção do Banco de Dados","timestamp":"2025-07-01T22:05:00.829Z"}
{"level":"info","message":"Jobs de manutenção do Banco de Dados executados com sucesso","timestamp":"2025-07-01T22:05:00.892Z"}
{"level":"info","message":"Executando os jobs de manutenção do Banco de Dados","timestamp":"2025-07-01T22:10:00.194Z"}
{"level":"info","message":"Jobs de manutenção do Banco de Dados executados com sucesso","timestamp":"2025-07-01T22:10:00.275Z"}
{"level":"info","message":"Executando os jobs de manutenção do Banco de Dados","timestamp":"2025-07-01T22:15:00.581Z"}
{"level":"info","message":"Jobs de manutenção do Banco de Dados executados com sucesso","timestamp":"2025-07-01T22:15:00.657Z"}
{"level":"info","message":"Executando os jobs de manutenção do Banco de Dados","timestamp":"2025-07-01T22:20:00.964Z"}
{"level":"info","message":"Jobs de manutenção do Banco de Dados executados com sucesso","timestamp":"2025-07-01T22:20:01.029Z"}
